INFORMATION: 1032
14.3.5.1 Cplex 20.1.0 Gurobi 7.5 OSI/CBC 2.9 2022-04-26

INFORMATION: 1047
Current time: Wed Apr 27 08:21:35 2022


Overview over input data:

Max number of main iterations       : 1
Switch to incremental formulation   : 1000
Convergence criteria                : 1.000000
Plant head optimization             : Yes
Load penalty variables added        : Yes 
Load penalty cost                   : 5000.00 
Power input limit penalty variables added        : Yes 
Reservoir penalty variables added        : Yes 
Reservoir penalty cost                   : 10000000.00 

If ramping constraints are activated 
Reservoir ramping penalty variables added?       : Yes 
Reservoir ramping penalty cost                   : 100.00 

If ramping constraints are activated 
Discharge ramping penalty variables added?       : Yes 
Discharge_ramping penalty cost                   : 100.00 

Number of bypass segments applied   : 1  
Penalty bypass cost                 : 0.01  
Bypass max. capacity (m3/s)         : 30.00  

Number of gate segments applied     : 3  
Penalty gate cost                   : 0.00  
Gate max. capacity (m3/s)           : 100.00  

Number of overflow segments applied : 3  
Penalty overflow cost               : 50000.00  
Penalty overflow cost time adjust   : -0.00  
Overflow max. capacity (m3/s)       : 200.00  

Reserve penalty cost                   : 1000.00  
Gate ramping cost (<currency>/(m3/s))      : 0.00  
--------------*----------------*------------
Topology of the system


Reservoir name: RSV001
  Connected upstream  :
  Connected downstream  :
     PLANT001 in position 0
     s_RSV001_RSV002 in position 1
     b_RSV001_RSV002 in position 3

Reservoir name: RSV002
  Connected upstream  :
     PLANT001 in position 0
     b_RSV001_RSV002 in position 1
     s_RSV001_RSV002 in position 2
  Connected downstream  :
     c_RSV002_RSV003 in position 0
     s_RSV002_RSV003 in position 1

Reservoir name: RSV003
  Connected upstream  :
     c_RSV002_RSV003 in position 0
     s_RSV002_RSV003 in position 1
  Connected downstream  :
     PLANT002 in position 0
     s_RSV003_RSV009 in position 1
     b_RSV003_RSV009 in position 3

Reservoir name: RSV004
  Connected upstream  :
  Connected downstream  :
     c_RSV004_RSV005 in position 0
     s_RSV004_RSV005 in position 1

Reservoir name: RSV005
  Connected upstream  :
     c_RSV004_RSV005 in position 0
     s_RSV004_RSV005 in position 1
  Connected downstream  :
     PLANT003 in position 0
     s_RSV005_RSV006 in position 1
     b_RSV005_RSV006 in position 3

Reservoir name: RSV006
  Connected upstream  :
     PLANT002 in position 0
     PLANT003 in position 1
     b_RSV005_RSV006 in position 2
     s_RSV005_RSV006 in position 3
  Connected downstream  :
     PLANT004 in position 0
     s_RSV006_RSV009 in position 1
     b_RSV006_RSV009 in position 3

Reservoir name: RSV007
  Connected upstream  :
  Connected downstream  :
     PLANT005 in position 0
     s_RSV007_RSV009 in position 1
     b_RSV007_RSV009 in position 3

Reservoir name: RSV008
  Connected upstream  :
     PLANT005 in position 0
  Connected downstream  :
     PLANT006 in position 0
     s_RSV008_RSV009 in position 1
     b_RSV008_RSV009 in position 3

Reservoir name: RSV009
  Connected upstream  :
     b_RSV003_RSV009 in position 0
     s_RSV003_RSV009 in position 1
     PLANT004 in position 2
     b_RSV006_RSV009 in position 3
     s_RSV006_RSV009 in position 4
     b_RSV007_RSV009 in position 5
     s_RSV007_RSV009 in position 6
     PLANT006 in position 7
     b_RSV008_RSV009 in position 8
     s_RSV008_RSV009 in position 9
  Connected downstream  :
     PLANT007 in position 0
     s_RSV009_SEA in position 1
     b_RSV009_SEA in position 3
--------------*----------------*------------


Summary of market exchange prices:

 Area 1 
	Maximum purchase price 	 56.282 	Minimum purchase price 	 25.882 
	Maximum sale price 	 56.280 	Minimum sale price 	 25.880

 Load penalty cost:  5000.00 

--------------*----------------*------------
Topology of the plants


Plant name: PLANT001
      Outlet line: 686.0, downstream lrl: 680.0, downstream hrl: 687.2.

Plant name: PLANT002
      Outlet line: 464.5, downstream lrl: 462.0, downstream hrl: 465.5.

Plant name: PLANT003
      Outlet line: 572.0, downstream lrl: 462.0, downstream hrl: 465.5.

Plant name: PLANT004
      Outlet line: 72.0, downstream lrl: 69.8, downstream hrl: 72.3.

Plant name: PLANT005
      Outlet line: 438.2, downstream lrl: 427.2, downstream hrl: 445.6.

Plant name: PLANT006
      Outlet line: 93.5, downstream lrl: 69.8, downstream hrl: 72.3.

Plant name: PLANT007
      No downstream reservoir, outlet line : 60.0
--------------*----------------*------------

Range of reservoir endpoint descriptions:


Range of water value references 
	Average:   21.31, 	Minimum:    0.80, 	Maximum:   31.07
INFORMATION: 1051
Overview SHOP environment variables (on), see shop.log:
SHOP_COMMON_OUTLET                                expires 2120-13-31 
SHOP_PRESIM                                       expires 2120-13-31 
SHOP_DYNAMIC_DELAY                                expires 2120-13-31 
SHOP_BEP_COST_CURVE                               expires 2120-13-31 
SHOP_RESIDUAL_RESERVOIR                           expires 2120-13-31 
SHOP_JUNCTION_BELOW_PLANT                         expires 2120-13-31 
SHOP_XML_FORMAT                                   expires 2120-13-31 
SHOP_FLEX_MIP                                     expires 2120-13-31 
SHOP_RAMPING_UPGRADED                             expires 2120-13-31 
SHOP_TACTICAL_LIMIT                               expires 2120-13-31 
SHOP_VOW_IN_TRANS                                 expires 2120-13-31 
SHOP_SUM_P_TIME_PERIOD                            expires 2120-13-31 
SHOP_SUM_Q_TIME_STEP                              expires 2120-13-31 
SHOP_INITIAL_STATE                                expires 2120-13-31 
SHOP_RESOLVE_MC                                   expires 2120-13-31 
SHOP_FEEDING_FEE                                  expires 2120-13-31 
SHOP_TIME_VARIANT_GEN_MAX_PROD                    expires 2120-13-31 
SHOP_CREEK_INTAKE                                 expires 2120-13-31 
SHOP_CUT_CORRECTION                               expires 2120-13-31 
SHOP_BLOCK_GENERATION                             expires 2120-13-31 
SHOP_SCHEDULE_M3S                                 expires 2120-13-31 
SHOP_SOFT_CONSTRAINTS                             expires 2120-13-31 
SHOP_LP_HTML                                      expires 2120-13-31 
SHOP_ACTIVE_CONSTRAINTS                           expires 2120-13-31 
SHOP_GATE_RAMPING                                 expires 2120-13-31 
SHOP_TIME_STARTCOST                               expires 2120-13-31 
SHOP_CONTRACT                                     expires 2120-13-31 
SHOP_RELTIME                                      expires 2120-13-31 
SHOP_PELTON                                       expires 2120-13-31 
SHOP_EBL_PLANT                                    expires 2120-13-31 
SHOP_AFFINITY                                     expires 2120-13-31 
SHOP_JUNCG_SERIES                                 expires 2120-13-31 
SHOP_JUNC_GATE                                    expires 2120-13-31 
SHOP_JUNCG_TWOWAY                                 expires 2120-13-31 
SHOP_OVERFLOW_MIP                                 expires 2120-13-31 
SHOP_RSV_HEAD_OPT                                 expires 2120-13-31 
SHOP_OWNERSHIP                                    expires 2120-13-31 
SHOP_LOSE_SPILL                                   expires 2120-13-31 
SHOP_OVERFLOW_COST                                expires 2120-13-31 
SHOP_MULTI_OBJECT                                 expires 2120-13-31 
SHOP_MULTIPLE_LOAD_MARKETS                        expires 2120-13-31 
SHOP_EXTRA_DATA                                   expires 2120-13-31 
SHOP_STREAMING                                    expires 2120-13-31 
SHOP_BUILD_PLANT_COMB                             expires 2120-13-31 
SHOP_TIDES                                        expires 2120-13-31 
SHOP_SCHED_MIN_MAX_BEST                           expires 2120-13-31 
SHOP_RAMP_STEP                                    expires 2120-13-31 
SHOP_DYN_FLEX                                     expires 2120-13-31 
SHOP_MC                                           expires 2120-13-31 
SHOP_GATE_FLOW_LIN_REL                            expires 2120-13-31 
SHOP_SUM_P_TIME_STEP                              expires 2120-13-31 
SHOP_AVERAGE_Q                                    expires 2120-13-31 
SHOP_TIME_VARIANT_GEN_MIN_PROD                    expires 2120-13-31 
SHOP_MULTI_STEP_WV                                expires 2120-13-31 
SHOP_FREQ_RES_MARKET                              expires 2120-13-31 
SHOP_PUMPING_CONSTRAINT                           expires 2120-13-31 
SHOP_NONSEQ_AMPLITUDE_RSV_RAMP                    expires 2120-13-31 
SHOP_ROT_RES_SCHED                                expires 2120-13-31 
SHOP_POL_EFF_CURVE                                expires 2120-13-31 
SHOP_BLOCK_MERGE                                  expires 2120-13-31 
SHOP_RESERVE_GROUP                                expires 2120-13-31 
SHOP_SOLVER_GUROBI                                expires 2120-13-31 
SHOP_SIMULATION                                   expires 2120-13-31 
SHOP_SOLVER_OSI                                   expires 2120-13-31 
SHOP_MIP_TUNING                                   expires 2120-13-31 
SHOP_PRESSURE_POINT                               expires 2120-13-31 
SHOP_MIX_CUT_VV_PROTOTYPE                         expires 2120-13-31 
SHOP_EXTENDED_CUT_FUNCTIONALITY                   expires 2120-13-31 
SHOP_EXTENDED_PUMP_FUNCTIONALITY                  expires 2120-13-31 
SHOP_SCENARIO_FUNCTIONALITY                       expires 2120-13-31 
SHOP_RESERVE_CLUSTERING_FUNCTIONALITY             expires 2120-13-31 
SHOP_DISCHARGE_GROUP_FUNCTIONALITY                expires 2120-13-31 
SHOP_POWER_HEAD_OPTIMIZATION                      expires 2120-13-31 
SHOP_ELEVATION_ADJUSTMENT                         expires 2120-13-31 
SHOP_CONSUMPTION_FEE                              expires 2120-13-31 
SHOP_BEST_PROFIT                                  expires 2120-13-31 
SHOP_PRESSURE_LINK                                expires 2120-13-31 
SHOP_SINTEF_INTERNAL                              expires 2120-13-31 
SHOP_OPEN                                         expires 2120-13-31 
SHOP_TUNNEL                                       expires 2120-13-31 
SHOP_DISCRETE_DROOP                               expires 2120-13-31 
SHOP_FLOOD_SUPPORT                                expires 2120-13-31 
SHOP_LP_MODEL                                     expires 2120-13-31 
SHOP_RIVER                                        expires 2120-13-31 

End overview over input data:

--------------*----------------*------------
INFORMATION: 1002
Parameter settings: (1. iteration).
INFORMATION: 1003
Full description. No curve fitting.
INFORMATION: 1007
Ramping on request (if ramping exceeded). 
INFORMATION: 1009
Head optimization on.
INFORMATION: 1011
1. iteration.
--------------*----------------*------------
INFORMATION: 1015
Active problem has MIP.
INFORMATION: 1078
Solver license opened at 2022-04-27T08:21:36.
--------------*----------------*------------
INFORMATION: 1013
LP/MIP-model size: 94151 variables. 58849 constraints. 345098 elements. 6428 binaries
--------------*----------------*------------
INFORMATION: 1016
Start optimizing.
