INFORMATION: 1032
14.3.5.1 Cplex 20.1.0 Gurobi 7.5 OSI/CBC 2.9 2022-04-26

INFORMATION: 1047
Current time: Wed Apr 27 08:20:44 2022


Overview over input data:

Max number of main iterations       : 5
Switch to incremental formulation   : 1000
Convergence criteria                : 1.000000
Plant head optimization             : Yes
Load penalty variables added        : Yes 
Load penalty cost                   : 5000.00 
Power input limit penalty variables added        : Yes 
Reservoir penalty variables added        : Yes 
Reservoir penalty cost                   : 10000000.00 

If ramping constraints are activated 
Reservoir ramping penalty variables added?       : Yes 
Reservoir ramping penalty cost                   : 100.00 

If ramping constraints are activated 
Discharge ramping penalty variables added?       : Yes 
Discharge_ramping penalty cost                   : 100.00 

Number of bypass segments applied   : 1  
Penalty bypass cost                 : 0.01  
Bypass max. capacity (m3/s)         : 30.00  

Number of gate segments applied     : 3  
Penalty gate cost                   : 0.00  
Gate max. capacity (m3/s)           : 100.00  

Number of overflow segments applied : 3  
Penalty overflow cost               : 50000.00  
Penalty overflow cost time adjust   : -0.00  
Overflow max. capacity (m3/s)       : 200.00  

Reserve penalty cost                   : 1000.00  
Gate ramping cost (<currency>/(m3/s))      : 0.00  
--------------*----------------*------------
Topology of the system


Reservoir name: Reservoir1
  Connected upstream  :
  Connected downstream  :
     Plant1 in position 0

Reservoir name: Reservoir2
  Connected upstream  :
     Plant1 in position 0
  Connected downstream  :
     Plant2 in position 0
--------------*----------------*------------


Summary of market exchange prices:

 Area 1 
	Maximum purchase price 	 77.734 	Minimum purchase price 	 23.684 
	Maximum sale price 	 77.732 	Minimum sale price 	 23.682

 Load penalty cost:  5000.00 

--------------*----------------*------------
Topology of the plants


Plant name: Plant1
      Outlet line: 672.0, downstream lrl: 650.0, downstream hrl: 679.0.

Plant name: Plant2
      No downstream reservoir, outlet line : 586.0
--------------*----------------*------------
INFORMATION: 1051
Overview SHOP environment variables (on), see shop.log:
SHOP_COMMON_OUTLET                                expires 2120-13-31 
SHOP_PRESIM                                       expires 2120-13-31 
SHOP_DYNAMIC_DELAY                                expires 2120-13-31 
SHOP_BEP_COST_CURVE                               expires 2120-13-31 
SHOP_RESIDUAL_RESERVOIR                           expires 2120-13-31 
SHOP_JUNCTION_BELOW_PLANT                         expires 2120-13-31 
SHOP_XML_FORMAT                                   expires 2120-13-31 
SHOP_FLEX_MIP                                     expires 2120-13-31 
SHOP_RAMPING_UPGRADED                             expires 2120-13-31 
SHOP_TACTICAL_LIMIT                               expires 2120-13-31 
SHOP_VOW_IN_TRANS                                 expires 2120-13-31 
SHOP_SUM_P_TIME_PERIOD                            expires 2120-13-31 
SHOP_SUM_Q_TIME_STEP                              expires 2120-13-31 
SHOP_INITIAL_STATE                                expires 2120-13-31 
SHOP_RESOLVE_MC                                   expires 2120-13-31 
SHOP_FEEDING_FEE                                  expires 2120-13-31 
SHOP_TIME_VARIANT_GEN_MAX_PROD                    expires 2120-13-31 
SHOP_CREEK_INTAKE                                 expires 2120-13-31 
SHOP_CUT_CORRECTION                               expires 2120-13-31 
SHOP_BLOCK_GENERATION                             expires 2120-13-31 
SHOP_SCHEDULE_M3S                                 expires 2120-13-31 
SHOP_SOFT_CONSTRAINTS                             expires 2120-13-31 
SHOP_LP_HTML                                      expires 2120-13-31 
SHOP_ACTIVE_CONSTRAINTS                           expires 2120-13-31 
SHOP_GATE_RAMPING                                 expires 2120-13-31 
SHOP_TIME_STARTCOST                               expires 2120-13-31 
SHOP_CONTRACT                                     expires 2120-13-31 
SHOP_RELTIME                                      expires 2120-13-31 
SHOP_PELTON                                       expires 2120-13-31 
SHOP_EBL_PLANT                                    expires 2120-13-31 
SHOP_AFFINITY                                     expires 2120-13-31 
SHOP_JUNCG_SERIES                                 expires 2120-13-31 
SHOP_JUNC_GATE                                    expires 2120-13-31 
SHOP_JUNCG_TWOWAY                                 expires 2120-13-31 
SHOP_OVERFLOW_MIP                                 expires 2120-13-31 
SHOP_RSV_HEAD_OPT                                 expires 2120-13-31 
SHOP_OWNERSHIP                                    expires 2120-13-31 
SHOP_LOSE_SPILL                                   expires 2120-13-31 
SHOP_OVERFLOW_COST                                expires 2120-13-31 
SHOP_MULTI_OBJECT                                 expires 2120-13-31 
SHOP_MULTIPLE_LOAD_MARKETS                        expires 2120-13-31 
SHOP_EXTRA_DATA                                   expires 2120-13-31 
SHOP_STREAMING                                    expires 2120-13-31 
SHOP_BUILD_PLANT_COMB                             expires 2120-13-31 
SHOP_TIDES                                        expires 2120-13-31 
SHOP_SCHED_MIN_MAX_BEST                           expires 2120-13-31 
SHOP_RAMP_STEP                                    expires 2120-13-31 
SHOP_DYN_FLEX                                     expires 2120-13-31 
SHOP_MC                                           expires 2120-13-31 
SHOP_GATE_FLOW_LIN_REL                            expires 2120-13-31 
SHOP_SUM_P_TIME_STEP                              expires 2120-13-31 
SHOP_AVERAGE_Q                                    expires 2120-13-31 
SHOP_TIME_VARIANT_GEN_MIN_PROD                    expires 2120-13-31 
SHOP_MULTI_STEP_WV                                expires 2120-13-31 
SHOP_FREQ_RES_MARKET                              expires 2120-13-31 
SHOP_PUMPING_CONSTRAINT                           expires 2120-13-31 
SHOP_NONSEQ_AMPLITUDE_RSV_RAMP                    expires 2120-13-31 
SHOP_ROT_RES_SCHED                                expires 2120-13-31 
SHOP_POL_EFF_CURVE                                expires 2120-13-31 
SHOP_BLOCK_MERGE                                  expires 2120-13-31 
SHOP_RESERVE_GROUP                                expires 2120-13-31 
SHOP_SOLVER_GUROBI                                expires 2120-13-31 
SHOP_SIMULATION                                   expires 2120-13-31 
SHOP_SOLVER_OSI                                   expires 2120-13-31 
SHOP_MIP_TUNING                                   expires 2120-13-31 
SHOP_PRESSURE_POINT                               expires 2120-13-31 
SHOP_MIX_CUT_VV_PROTOTYPE                         expires 2120-13-31 
SHOP_EXTENDED_CUT_FUNCTIONALITY                   expires 2120-13-31 
SHOP_EXTENDED_PUMP_FUNCTIONALITY                  expires 2120-13-31 
SHOP_SCENARIO_FUNCTIONALITY                       expires 2120-13-31 
SHOP_RESERVE_CLUSTERING_FUNCTIONALITY             expires 2120-13-31 
SHOP_DISCHARGE_GROUP_FUNCTIONALITY                expires 2120-13-31 
SHOP_POWER_HEAD_OPTIMIZATION                      expires 2120-13-31 
SHOP_ELEVATION_ADJUSTMENT                         expires 2120-13-31 
SHOP_CONSUMPTION_FEE                              expires 2120-13-31 
SHOP_BEST_PROFIT                                  expires 2120-13-31 
SHOP_PRESSURE_LINK                                expires 2120-13-31 
SHOP_SINTEF_INTERNAL                              expires 2120-13-31 
SHOP_OPEN                                         expires 2120-13-31 
SHOP_TUNNEL                                       expires 2120-13-31 
SHOP_DISCRETE_DROOP                               expires 2120-13-31 
SHOP_FLOOD_SUPPORT                                expires 2120-13-31 
SHOP_LP_MODEL                                     expires 2120-13-31 
SHOP_RIVER                                        expires 2120-13-31 

End overview over input data:

--------------*----------------*------------
INFORMATION: 1002
Parameter settings: (1. iteration).
INFORMATION: 1003
Full description. No curve fitting.
INFORMATION: 1007
Ramping on request (if ramping exceeded). 
INFORMATION: 1009
Head optimization on.
INFORMATION: 1011
1. iteration.
--------------*----------------*------------
INFORMATION: 1015
Active problem has MIP.
INFORMATION: 1078
Solver license opened at 2022-04-27T08:20:44.
--------------*----------------*------------
INFORMATION: 1013
LP/MIP-model size: 5402 variables. 4118 constraints. 20994 elements. 432 binaries
--------------*----------------*------------
INFORMATION: 1016
Start optimizing.
INFORMATION: 1048
MIP gap                        0.0000 %
Best objective value     -766371.06
MIP objective value      -766371.06
Difference from best objective value            0.00  
INFORMATION: 1018
CPLEX message. Code 101. Optimal integer solution found
INFORMATION: 1079
Solver license closed at 2022-04-27T08:20:45.
--------------*----------------*------------
INFORMATION: 1017
Start updating results.

Cut result overview


Area number 1
   Alpha = -1561884.198465
   Restriction no. 8 used for price level 3 with ref price 37.143462
   Restriction no. 8 used for price level 2 with ref price 26.531044

End cut result overview

--------------*----------------*------------
INFORMATION: 1033
Objective (excluding penalties) = -2717647.73
INFORMATION: 1034
Objective (including penalties) = -2717647.73
INFORMATION: 1035
Sum buy and sale cost =           -1158463.53
INFORMATION: 1052
Sum contract costs =              0.00
INFORMATION: 1036
Sum startup costs =               2700.00
INFORMATION: 1037
End reservoir value =             -1561884.20
INFORMATION: 1077
Change in end reservoir value =   389392.21
INFORMATION: 1038
Sum penalties =                   0.00
INFORMATION: 1039
Sum minor penalties =             0.00
INFORMATION: 1040
Sum major penalties =             0.00
INFORMATION: 1064
Network load value = -0.000000
--------------*----------------*------------
INFORMATION: 1031
Maximum unbalance      83.08 MW.
INFORMATION: 1046
Time used in CPLEX    0.93 s.
--------------*----------------*------------
INFORMATION: 1002
Parameter settings: (2. iteration).
INFORMATION: 1003
Full description. No curve fitting.
INFORMATION: 1007
Ramping on request (if ramping exceeded). 
INFORMATION: 1009
Head optimization on.
INFORMATION: 1011
2. iteration.
--------------*----------------*------------
INFORMATION: 1015
Active problem has MIP.
INFORMATION: 1078
Solver license opened at 2022-04-27T08:20:45.
--------------*----------------*------------
INFORMATION: 1013
LP/MIP-model size: 6191 variables. 4544 constraints. 23393 elements. 432 binaries
--------------*----------------*------------
INFORMATION: 1016
Start optimizing.
INFORMATION: 1048
MIP gap                        0.0000 %
Best objective value     -1157702.80
MIP objective value      -1157702.80
Difference from best objective value            0.00  
INFORMATION: 1018
CPLEX message. Code 101. Optimal integer solution found
INFORMATION: 1079
Solver license closed at 2022-04-27T08:20:45.
--------------*----------------*------------
INFORMATION: 1017
Start updating results.

Cut result overview


Area number 1
   Alpha = -2039547.764174
   Restriction no. 7 used for price level 3 with ref price 37.143462
   Restriction no. 7 used for price level 2 with ref price 26.531044

End cut result overview

--------------*----------------*------------
INFORMATION: 1033
Objective (excluding penalties) = -2719587.08
INFORMATION: 1034
Objective (including penalties) = -2719587.08
INFORMATION: 1035
Sum buy and sale cost =           -682739.32
INFORMATION: 1052
Sum contract costs =              0.00
INFORMATION: 1036
Sum startup costs =               2700.00
INFORMATION: 1037
End reservoir value =             -2039547.76
INFORMATION: 1077
Change in end reservoir value =   -88271.36
INFORMATION: 1038
Sum penalties =                   0.00
INFORMATION: 1039
Sum minor penalties =             0.00
INFORMATION: 1040
Sum major penalties =             0.00
INFORMATION: 1064
Network load value = -0.000000
--------------*----------------*------------
INFORMATION: 1031
Maximum unbalance      88.95 MW.
INFORMATION: 1046
Time used in CPLEX    0.58 s.
--------------*----------------*------------
INFORMATION: 1002
Parameter settings: (3. iteration).
INFORMATION: 1003
Full description. No curve fitting.
INFORMATION: 1007
Ramping on request (if ramping exceeded). 
INFORMATION: 1009
Head optimization on.
INFORMATION: 1011
3. iteration.
--------------*----------------*------------
INFORMATION: 1015
Active problem has MIP.
INFORMATION: 1078
Solver license opened at 2022-04-27T08:20:45.
--------------*----------------*------------
INFORMATION: 1013
LP/MIP-model size: 5818 variables. 4574 constraints. 22272 elements. 432 binaries
--------------*----------------*------------
INFORMATION: 1016
Start optimizing.
INFORMATION: 1048
MIP gap                        0.0000 %
Best objective value     -677735.51
MIP objective value      -677735.51
Difference from best objective value           -0.00  
INFORMATION: 1018
CPLEX message. Code 101. Optimal integer solution found
INFORMATION: 1079
Solver license closed at 2022-04-27T08:20:46.
--------------*----------------*------------
INFORMATION: 1017
Start updating results.

Cut result overview


Area number 1
   Alpha = -1632753.626818
   Restriction no. 8 used for price level 3 with ref price 37.143462
   Restriction no. 8 used for price level 2 with ref price 26.531044

End cut result overview

--------------*----------------*------------
INFORMATION: 1033
Objective (excluding penalties) = -2717283.53
INFORMATION: 1034
Objective (including penalties) = -2717283.53
INFORMATION: 1035
Sum buy and sale cost =           -1087829.90
INFORMATION: 1052
Sum contract costs =              0.00
INFORMATION: 1036
Sum startup costs =               3300.00
INFORMATION: 1037
End reservoir value =             -1632753.63
INFORMATION: 1077
Change in end reservoir value =   318522.78
INFORMATION: 1038
Sum penalties =                   0.00
INFORMATION: 1039
Sum minor penalties =             0.00
INFORMATION: 1040
Sum major penalties =             0.00
INFORMATION: 1064
Network load value = -0.000000
--------------*----------------*------------
INFORMATION: 1031
Maximum unbalance     123.08 MW.
INFORMATION: 1046
Time used in CPLEX    1.22 s.
--------------*----------------*------------
INFORMATION: 1002
Parameter settings: (4. iteration).
INFORMATION: 1003
Full description. No curve fitting.
INFORMATION: 1007
Ramping on request (if ramping exceeded). 
INFORMATION: 1009
Head optimization on.
INFORMATION: 1011
4. iteration.
--------------*----------------*------------
INFORMATION: 1015
Active problem has MIP.
INFORMATION: 1078
Solver license opened at 2022-04-27T08:20:46.
--------------*----------------*------------
INFORMATION: 1013
LP/MIP-model size: 6206 variables. 4544 constraints. 23436 elements. 432 binaries
--------------*----------------*------------
INFORMATION: 1016
Start optimizing.
INFORMATION: 1048
MIP gap                        0.0000 %
Best objective value     -1099533.21
MIP objective value      -1099533.21
Difference from best objective value           -0.00  
INFORMATION: 1018
CPLEX message. Code 101. Optimal integer solution found
INFORMATION: 1079
Solver license closed at 2022-04-27T08:20:47.
--------------*----------------*------------
INFORMATION: 1017
Start updating results.

Cut result overview


Area number 1
   Alpha = -1984067.406801
   Restriction no. 7 used for price level 3 with ref price 37.143462
   Restriction no. 7 used for price level 2 with ref price 26.531044

End cut result overview

--------------*----------------*------------
INFORMATION: 1033
Objective (excluding penalties) = -2732286.93
INFORMATION: 1034
Objective (including penalties) = -2732286.93
INFORMATION: 1035
Sum buy and sale cost =           -750619.52
INFORMATION: 1052
Sum contract costs =              0.00
INFORMATION: 1036
Sum startup costs =               2400.00
INFORMATION: 1037
End reservoir value =             -1984067.41
INFORMATION: 1077
Change in end reservoir value =   -32791.00
INFORMATION: 1038
Sum penalties =                   0.00
INFORMATION: 1039
Sum minor penalties =             0.00
INFORMATION: 1040
Sum major penalties =             0.00
INFORMATION: 1064
Network load value = -0.000000
--------------*----------------*------------
INFORMATION: 1031
Maximum unbalance     110.18 MW.
INFORMATION: 1046
Time used in CPLEX    0.58 s.
--------------*----------------*------------
INFORMATION: 1002
Parameter settings: (5. iteration).
INFORMATION: 1003
Full description. No curve fitting.
INFORMATION: 1007
Ramping on request (if ramping exceeded). 
INFORMATION: 1009
Head optimization on.
INFORMATION: 1011
5. iteration.
--------------*----------------*------------
INFORMATION: 1015
Active problem has MIP.
INFORMATION: 1078
Solver license opened at 2022-04-27T08:20:47.
--------------*----------------*------------
INFORMATION: 1013
LP/MIP-model size: 5823 variables. 4596 constraints. 22289 elements. 432 binaries
--------------*----------------*------------
INFORMATION: 1016
Start optimizing.
INFORMATION: 1048
MIP gap                        0.0000 %
Best objective value     -742150.38
MIP objective value      -742150.38
Difference from best objective value           -0.00  
INFORMATION: 1018
CPLEX message. Code 101. Optimal integer solution found
INFORMATION: 1079
Solver license closed at 2022-04-27T08:20:48.
--------------*----------------*------------
INFORMATION: 1017
Start updating results.

Cut result overview


Area number 1
   Alpha = -1646244.399922
   Restriction no. 8 used for price level 3 with ref price 37.143462
   Restriction no. 8 used for price level 2 with ref price 26.531044

End cut result overview

--------------*----------------*------------
INFORMATION: 1033
Objective (excluding penalties) = -2726218.04
INFORMATION: 1034
Objective (including penalties) = -2726218.04
INFORMATION: 1035
Sum buy and sale cost =           -1082973.64
INFORMATION: 1052
Sum contract costs =              0.00
INFORMATION: 1036
Sum startup costs =               3000.00
INFORMATION: 1037
End reservoir value =             -1646244.40
INFORMATION: 1077
Change in end reservoir value =   305032.00
INFORMATION: 1038
Sum penalties =                   0.00
INFORMATION: 1039
Sum minor penalties =             0.00
INFORMATION: 1040
Sum major penalties =             0.00
INFORMATION: 1064
Network load value = -0.000000
--------------*----------------*------------
INFORMATION: 1031
Maximum unbalance     128.79 MW.
INFORMATION: 1046
Time used in CPLEX    1.11 s.
--------------*----------------*------------
INFORMATION: 1002
Parameter settings: (1. iteration).
INFORMATION: 1005
Incremental description.
INFORMATION: 1007
Ramping on request (if ramping exceeded). 
INFORMATION: 1009
Head optimization on.
INFORMATION: 1011
1. iteration.
--------------*----------------*------------
INFORMATION: 1078
Solver license opened at 2022-04-27T08:20:48.
--------------*----------------*------------
INFORMATION: 1013
LP/MIP-model size: 4108 variables. 2582 constraints. 12607 elements. 0 binaries
--------------*----------------*------------
INFORMATION: 1016
Start optimizing.
INFORMATION: 1018
CPLEX message. Code 1. Optimal solution is available
INFORMATION: 1079
Solver license closed at 2022-04-27T08:20:48.
--------------*----------------*------------
INFORMATION: 1017
Start updating results.

Cut result overview


Area number 1
   Alpha = -1787418.458251
   Restriction no. 8 used for price level 3 with ref price 37.143462
   Restriction no. 8 used for price level 2 with ref price 26.531044

End cut result overview

--------------*----------------*------------
INFORMATION: 1033
Objective (excluding penalties) = -2659574.75
INFORMATION: 1034
Objective (including penalties) = -2659574.75
INFORMATION: 1035
Sum buy and sale cost =           -875156.29
INFORMATION: 1052
Sum contract costs =              0.00
INFORMATION: 1036
Sum startup costs =               3000.00
INFORMATION: 1037
End reservoir value =             -1787418.46
INFORMATION: 1077
Change in end reservoir value =   163857.95
INFORMATION: 1038
Sum penalties =                   0.00
INFORMATION: 1039
Sum minor penalties =             0.00
INFORMATION: 1040
Sum major penalties =             0.00
INFORMATION: 1064
Network load value = -0.000000
--------------*----------------*------------
INFORMATION: 1031
Maximum unbalance       9.86 MW.
INFORMATION: 1046
Time used in CPLEX    0.01 s.
--------------*----------------*------------
INFORMATION: 1002
Parameter settings: (2. iteration).
INFORMATION: 1005
Incremental description.
INFORMATION: 1007
Ramping on request (if ramping exceeded). 
INFORMATION: 1009
Head optimization on.
INFORMATION: 1011
2. iteration.
--------------*----------------*------------
INFORMATION: 1078
Solver license opened at 2022-04-27T08:20:48.
--------------*----------------*------------
INFORMATION: 1013
LP/MIP-model size: 4079 variables. 2582 constraints. 12498 elements. 0 binaries
--------------*----------------*------------
INFORMATION: 1016
Start optimizing.
INFORMATION: 1018
CPLEX message. Code 1. Optimal solution is available
INFORMATION: 1079
Solver license closed at 2022-04-27T08:20:48.
--------------*----------------*------------
INFORMATION: 1017
Start updating results.

Cut result overview


Area number 1
   Alpha = -1791637.473719
   Restriction no. 8 used for price level 3 with ref price 37.143462
   Restriction no. 8 used for price level 2 with ref price 26.531044

End cut result overview

--------------*----------------*------------
INFORMATION: 1033
Objective (excluding penalties) = -2651529.23
INFORMATION: 1034
Objective (including penalties) = -2651529.23
INFORMATION: 1035
Sum buy and sale cost =           -862891.76
INFORMATION: 1052
Sum contract costs =              0.00
INFORMATION: 1036
Sum startup costs =               3000.00
INFORMATION: 1037
End reservoir value =             -1791637.47
INFORMATION: 1077
Change in end reservoir value =   159638.93
INFORMATION: 1038
Sum penalties =                   0.00
INFORMATION: 1039
Sum minor penalties =             0.00
INFORMATION: 1040
Sum major penalties =             0.00
INFORMATION: 1064
Network load value = -0.000000
--------------*----------------*------------
INFORMATION: 1031
Maximum unbalance       0.35 MW.
INFORMATION: 1046
Time used in CPLEX    0.01 s.
--------------*----------------*------------
INFORMATION: 1002
Parameter settings: (3. iteration).
INFORMATION: 1005
Incremental description.
INFORMATION: 1007
Ramping on request (if ramping exceeded). 
INFORMATION: 1009
Head optimization on.
INFORMATION: 1011
3. iteration.
--------------*----------------*------------
INFORMATION: 1078
Solver license opened at 2022-04-27T08:20:48.
--------------*----------------*------------
INFORMATION: 1013
LP/MIP-model size: 3920 variables. 2582 constraints. 12018 elements. 0 binaries
--------------*----------------*------------
INFORMATION: 1016
Start optimizing.
INFORMATION: 1018
CPLEX message. Code 1. Optimal solution is available
INFORMATION: 1079
Solver license closed at 2022-04-27T08:20:48.
--------------*----------------*------------
INFORMATION: 1017
Start updating results.

Cut result overview


Area number 1
   Alpha = -1790878.528710
   Restriction no. 8 used for price level 3 with ref price 37.143462
   Restriction no. 8 used for price level 2 with ref price 26.531044

End cut result overview

--------------*----------------*------------
INFORMATION: 1033
Objective (excluding penalties) = -2651581.44
INFORMATION: 1034
Objective (including penalties) = -2651581.44
INFORMATION: 1035
Sum buy and sale cost =           -863702.91
INFORMATION: 1052
Sum contract costs =              0.00
INFORMATION: 1036
Sum startup costs =               3000.00
INFORMATION: 1037
End reservoir value =             -1790878.53
INFORMATION: 1077
Change in end reservoir value =   160397.88
INFORMATION: 1038
Sum penalties =                   0.00
INFORMATION: 1039
Sum minor penalties =             0.00
INFORMATION: 1040
Sum major penalties =             0.00
INFORMATION: 1064
Network load value = -0.000000
--------------*----------------*------------
INFORMATION: 1031
Maximum unbalance       0.35 MW.
INFORMATION: 1046
Time used in CPLEX    0.01 s.
--------------*----------------*------------
