INFORMATION: 1032
14.3.5.1 Cplex 20.1.0 Gurobi 7.5 OSI/CBC 2.9 2022-04-26

INFORMATION: 1047
Current time: Wed Apr 27 08:20:12 2022


Overview over input data:

Max number of main iterations       : 5
Switch to incremental formulation   : 1000
Convergence criteria                : 1.000000
Plant head optimization             : Yes
Load penalty variables added        : Yes 
Load penalty cost                   : 5000.00 
Power input limit penalty variables added        : Yes 
Reservoir penalty variables added        : Yes 
Reservoir penalty cost                   : 10000000.00 

If ramping constraints are activated 
Reservoir ramping penalty variables added?       : Yes 
Reservoir ramping penalty cost                   : 100.00 

If ramping constraints are activated 
Discharge ramping penalty variables added?       : Yes 
Discharge_ramping penalty cost                   : 100.00 

Number of bypass segments applied   : 1  
Penalty bypass cost                 : 0.01  
Bypass max. capacity (m3/s)         : 30.00  

Number of gate segments applied     : 3  
Penalty gate cost                   : 0.00  
Gate max. capacity (m3/s)           : 100.00  

Number of overflow segments applied : 3  
Penalty overflow cost               : 50000.00  
Penalty overflow cost time adjust   : -0.00  
Overflow max. capacity (m3/s)       : 200.00  

Reserve penalty cost                   : 1000.00  
Gate ramping cost (<currency>/(m3/s))      : 0.00  
--------------*----------------*------------
Topology of the system


Reservoir name: Reservoir1
  Connected upstream  :
  Connected downstream  :
     Plant1 in position 0

Reservoir name: Reservoir2
  Connected upstream  :
     Plant1 in position 0
  Connected downstream  :
     Plant2 in position 0
--------------*----------------*------------


Summary of market exchange prices:

 Area 1 
	Maximum purchase price 	 77.734 	Minimum purchase price 	 23.684 
	Maximum sale price 	 77.732 	Minimum sale price 	 23.682

 Load penalty cost:  5000.00 

--------------*----------------*------------
Topology of the plants


Plant name: Plant1
      Outlet line: 672.0, downstream lrl: 650.0, downstream hrl: 679.0.

Plant name: Plant2
      No downstream reservoir, outlet line : 586.0
--------------*----------------*------------

Range of reservoir endpoint descriptions:


Range of water value references 
	Average:   20.00, 	Minimum:   10.00, 	Maximum:   30.00
INFORMATION: 1051
Overview SHOP environment variables (on), see shop.log:
SHOP_COMMON_OUTLET                                expires 2120-13-31 
SHOP_PRESIM                                       expires 2120-13-31 
SHOP_DYNAMIC_DELAY                                expires 2120-13-31 
SHOP_BEP_COST_CURVE                               expires 2120-13-31 
SHOP_RESIDUAL_RESERVOIR                           expires 2120-13-31 
SHOP_JUNCTION_BELOW_PLANT                         expires 2120-13-31 
SHOP_XML_FORMAT                                   expires 2120-13-31 
SHOP_FLEX_MIP                                     expires 2120-13-31 
SHOP_RAMPING_UPGRADED                             expires 2120-13-31 
SHOP_TACTICAL_LIMIT                               expires 2120-13-31 
SHOP_VOW_IN_TRANS                                 expires 2120-13-31 
SHOP_SUM_P_TIME_PERIOD                            expires 2120-13-31 
SHOP_SUM_Q_TIME_STEP                              expires 2120-13-31 
SHOP_INITIAL_STATE                                expires 2120-13-31 
SHOP_RESOLVE_MC                                   expires 2120-13-31 
SHOP_FEEDING_FEE                                  expires 2120-13-31 
SHOP_TIME_VARIANT_GEN_MAX_PROD                    expires 2120-13-31 
SHOP_CREEK_INTAKE                                 expires 2120-13-31 
SHOP_CUT_CORRECTION                               expires 2120-13-31 
SHOP_BLOCK_GENERATION                             expires 2120-13-31 
SHOP_SCHEDULE_M3S                                 expires 2120-13-31 
SHOP_SOFT_CONSTRAINTS                             expires 2120-13-31 
SHOP_LP_HTML                                      expires 2120-13-31 
SHOP_ACTIVE_CONSTRAINTS                           expires 2120-13-31 
SHOP_GATE_RAMPING                                 expires 2120-13-31 
SHOP_TIME_STARTCOST                               expires 2120-13-31 
SHOP_CONTRACT                                     expires 2120-13-31 
SHOP_RELTIME                                      expires 2120-13-31 
SHOP_PELTON                                       expires 2120-13-31 
SHOP_EBL_PLANT                                    expires 2120-13-31 
SHOP_AFFINITY                                     expires 2120-13-31 
SHOP_JUNCG_SERIES                                 expires 2120-13-31 
SHOP_JUNC_GATE                                    expires 2120-13-31 
SHOP_JUNCG_TWOWAY                                 expires 2120-13-31 
SHOP_OVERFLOW_MIP                                 expires 2120-13-31 
SHOP_RSV_HEAD_OPT                                 expires 2120-13-31 
SHOP_OWNERSHIP                                    expires 2120-13-31 
SHOP_LOSE_SPILL                                   expires 2120-13-31 
SHOP_OVERFLOW_COST                                expires 2120-13-31 
SHOP_MULTI_OBJECT                                 expires 2120-13-31 
SHOP_MULTIPLE_LOAD_MARKETS                        expires 2120-13-31 
SHOP_EXTRA_DATA                                   expires 2120-13-31 
SHOP_STREAMING                                    expires 2120-13-31 
SHOP_BUILD_PLANT_COMB                             expires 2120-13-31 
SHOP_TIDES                                        expires 2120-13-31 
SHOP_SCHED_MIN_MAX_BEST                           expires 2120-13-31 
SHOP_RAMP_STEP                                    expires 2120-13-31 
SHOP_DYN_FLEX                                     expires 2120-13-31 
SHOP_MC                                           expires 2120-13-31 
SHOP_GATE_FLOW_LIN_REL                            expires 2120-13-31 
SHOP_SUM_P_TIME_STEP                              expires 2120-13-31 
SHOP_AVERAGE_Q                                    expires 2120-13-31 
SHOP_TIME_VARIANT_GEN_MIN_PROD                    expires 2120-13-31 
SHOP_MULTI_STEP_WV                                expires 2120-13-31 
SHOP_FREQ_RES_MARKET                              expires 2120-13-31 
SHOP_PUMPING_CONSTRAINT                           expires 2120-13-31 
SHOP_NONSEQ_AMPLITUDE_RSV_RAMP                    expires 2120-13-31 
SHOP_ROT_RES_SCHED                                expires 2120-13-31 
SHOP_POL_EFF_CURVE                                expires 2120-13-31 
SHOP_BLOCK_MERGE                                  expires 2120-13-31 
SHOP_RESERVE_GROUP                                expires 2120-13-31 
SHOP_SOLVER_GUROBI                                expires 2120-13-31 
SHOP_SIMULATION                                   expires 2120-13-31 
SHOP_SOLVER_OSI                                   expires 2120-13-31 
SHOP_MIP_TUNING                                   expires 2120-13-31 
SHOP_PRESSURE_POINT                               expires 2120-13-31 
SHOP_MIX_CUT_VV_PROTOTYPE                         expires 2120-13-31 
SHOP_EXTENDED_CUT_FUNCTIONALITY                   expires 2120-13-31 
SHOP_EXTENDED_PUMP_FUNCTIONALITY                  expires 2120-13-31 
SHOP_SCENARIO_FUNCTIONALITY                       expires 2120-13-31 
SHOP_RESERVE_CLUSTERING_FUNCTIONALITY             expires 2120-13-31 
SHOP_DISCHARGE_GROUP_FUNCTIONALITY                expires 2120-13-31 
SHOP_POWER_HEAD_OPTIMIZATION                      expires 2120-13-31 
SHOP_ELEVATION_ADJUSTMENT                         expires 2120-13-31 
SHOP_CONSUMPTION_FEE                              expires 2120-13-31 
SHOP_BEST_PROFIT                                  expires 2120-13-31 
SHOP_PRESSURE_LINK                                expires 2120-13-31 
SHOP_SINTEF_INTERNAL                              expires 2120-13-31 
SHOP_OPEN                                         expires 2120-13-31 
SHOP_TUNNEL                                       expires 2120-13-31 
SHOP_DISCRETE_DROOP                               expires 2120-13-31 
SHOP_FLOOD_SUPPORT                                expires 2120-13-31 
SHOP_LP_MODEL                                     expires 2120-13-31 
SHOP_RIVER                                        expires 2120-13-31 

End overview over input data:

--------------*----------------*------------
INFORMATION: 1002
Parameter settings: (1. iteration).
INFORMATION: 1003
Full description. No curve fitting.
INFORMATION: 1007
Ramping on request (if ramping exceeded). 
INFORMATION: 1009
Head optimization on.
INFORMATION: 1011
1. iteration.
--------------*----------------*------------
INFORMATION: 1015
Active problem has MIP.
INFORMATION: 1078
Solver license opened at 2022-04-27T08:20:12.
--------------*----------------*------------
INFORMATION: 1013
LP/MIP-model size: 5400 variables. 4100 constraints. 20940 elements. 432 binaries
--------------*----------------*------------
INFORMATION: 1016
Start optimizing.
INFORMATION: 1048
MIP gap                        0.0057 %
Best objective value     -1386716.51
MIP objective value      -1386637.11
Difference from best objective value           79.40  
INFORMATION: 1018
CPLEX message. Code 102. Optimal whithin tolerances
INFORMATION: 1079
Solver license closed at 2022-04-27T08:20:13.
--------------*----------------*------------
INFORMATION: 1017
Start updating results.
INFORMATION: 1033
Objective (excluding penalties) = -1386637.42
INFORMATION: 1034
Objective (including penalties) = -1386637.42
INFORMATION: 1035
Sum buy and sale cost =           -1262600.85
INFORMATION: 1052
Sum contract costs =              0.00
INFORMATION: 1036
Sum startup costs =               1500.00
INFORMATION: 1037
End reservoir value =             -125536.58
INFORMATION: 1077
Change in end reservoir value =   675197.27
INFORMATION: 1038
Sum penalties =                   0.00
INFORMATION: 1039
Sum minor penalties =             0.00
INFORMATION: 1040
Sum major penalties =             0.00
INFORMATION: 1064
Network load value = -0.000000
--------------*----------------*------------
INFORMATION: 1031
Maximum unbalance     132.53 MW.
INFORMATION: 1046
Time used in CPLEX    0.60 s.
--------------*----------------*------------
INFORMATION: 1002
Parameter settings: (2. iteration).
INFORMATION: 1003
Full description. No curve fitting.
INFORMATION: 1007
Ramping on request (if ramping exceeded). 
INFORMATION: 1009
Head optimization on.
INFORMATION: 1011
2. iteration.
--------------*----------------*------------
INFORMATION: 1015
Active problem has MIP.
INFORMATION: 1078
Solver license opened at 2022-04-27T08:20:13.
--------------*----------------*------------
INFORMATION: 1013
LP/MIP-model size: 6226 variables. 4526 constraints. 23445 elements. 432 binaries
--------------*----------------*------------
INFORMATION: 1016
Start optimizing.
INFORMATION: 1048
MIP gap                        0.0089 %
Best objective value     -1292979.64
MIP objective value      -1292865.14
Difference from best objective value          114.51  
INFORMATION: 1018
CPLEX message. Code 102. Optimal whithin tolerances
INFORMATION: 1079
Solver license closed at 2022-04-27T08:20:15.
--------------*----------------*------------
INFORMATION: 1017
Start updating results.
INFORMATION: 1033
Objective (excluding penalties) = -1292865.36
INFORMATION: 1034
Objective (including penalties) = -1292865.36
INFORMATION: 1035
Sum buy and sale cost =           -820645.92
INFORMATION: 1052
Sum contract costs =              0.00
INFORMATION: 1036
Sum startup costs =               3000.00
INFORMATION: 1037
End reservoir value =             -475219.44
INFORMATION: 1077
Change in end reservoir value =   325514.41
INFORMATION: 1038
Sum penalties =                   0.00
INFORMATION: 1039
Sum minor penalties =             0.00
INFORMATION: 1040
Sum major penalties =             0.00
INFORMATION: 1064
Network load value = -0.000000
--------------*----------------*------------
INFORMATION: 1031
Maximum unbalance      29.01 MW.
INFORMATION: 1046
Time used in CPLEX    1.71 s.
--------------*----------------*------------
INFORMATION: 1002
Parameter settings: (3. iteration).
INFORMATION: 1003
Full description. No curve fitting.
INFORMATION: 1007
Ramping on request (if ramping exceeded). 
INFORMATION: 1009
Head optimization on.
INFORMATION: 1011
3. iteration.
--------------*----------------*------------
INFORMATION: 1015
Active problem has MIP.
INFORMATION: 1078
Solver license opened at 2022-04-27T08:20:15.
--------------*----------------*------------
INFORMATION: 1013
LP/MIP-model size: 6054 variables. 4526 constraints. 22904 elements. 432 binaries
--------------*----------------*------------
INFORMATION: 1016
Start optimizing.
INFORMATION: 1048
MIP gap                        0.0008 %
Best objective value     -1283393.10
MIP objective value      -1283382.87
Difference from best objective value           10.23  
INFORMATION: 1018
CPLEX message. Code 102. Optimal whithin tolerances
INFORMATION: 1079
Solver license closed at 2022-04-27T08:20:16.
--------------*----------------*------------
INFORMATION: 1017
Start updating results.
INFORMATION: 1033
Objective (excluding penalties) = -1283383.13
INFORMATION: 1034
Objective (including penalties) = -1283383.13
INFORMATION: 1035
Sum buy and sale cost =           -988625.63
INFORMATION: 1052
Sum contract costs =              0.00
INFORMATION: 1036
Sum startup costs =               2400.00
INFORMATION: 1037
End reservoir value =             -297157.50
INFORMATION: 1077
Change in end reservoir value =   503576.35
INFORMATION: 1038
Sum penalties =                   0.00
INFORMATION: 1039
Sum minor penalties =             0.00
INFORMATION: 1040
Sum major penalties =             0.00
INFORMATION: 1064
Network load value = -0.000000
--------------*----------------*------------
INFORMATION: 1031
Maximum unbalance      13.79 MW.
INFORMATION: 1046
Time used in CPLEX    1.29 s.
--------------*----------------*------------
INFORMATION: 1002
Parameter settings: (4. iteration).
INFORMATION: 1003
Full description. No curve fitting.
INFORMATION: 1007
Ramping on request (if ramping exceeded). 
INFORMATION: 1009
Head optimization on.
INFORMATION: 1011
4. iteration.
--------------*----------------*------------
INFORMATION: 1015
Active problem has MIP.
INFORMATION: 1078
Solver license opened at 2022-04-27T08:20:16.
--------------*----------------*------------
INFORMATION: 1013
LP/MIP-model size: 6051 variables. 4526 constraints. 22895 elements. 432 binaries
--------------*----------------*------------
INFORMATION: 1016
Start optimizing.
INFORMATION: 1048
MIP gap                        0.0052 %
Best objective value     -1281580.04
MIP objective value      -1281513.11
Difference from best objective value           66.93  
INFORMATION: 1018
CPLEX message. Code 102. Optimal whithin tolerances
INFORMATION: 1079
Solver license closed at 2022-04-27T08:20:17.
--------------*----------------*------------
INFORMATION: 1017
Start updating results.
INFORMATION: 1033
Objective (excluding penalties) = -1281513.35
INFORMATION: 1034
Objective (including penalties) = -1281513.35
INFORMATION: 1035
Sum buy and sale cost =           -912415.96
INFORMATION: 1052
Sum contract costs =              0.00
INFORMATION: 1036
Sum startup costs =               1800.00
INFORMATION: 1037
End reservoir value =             -370897.39
INFORMATION: 1077
Change in end reservoir value =   429836.46
INFORMATION: 1038
Sum penalties =                   0.00
INFORMATION: 1039
Sum minor penalties =             0.00
INFORMATION: 1040
Sum major penalties =             0.00
INFORMATION: 1064
Network load value = -0.000000
--------------*----------------*------------
INFORMATION: 1031
Maximum unbalance      13.46 MW.
INFORMATION: 1046
Time used in CPLEX    1.35 s.
--------------*----------------*------------
INFORMATION: 1002
Parameter settings: (5. iteration).
INFORMATION: 1003
Full description. No curve fitting.
INFORMATION: 1007
Ramping on request (if ramping exceeded). 
INFORMATION: 1009
Head optimization on.
INFORMATION: 1011
5. iteration.
--------------*----------------*------------
INFORMATION: 1015
Active problem has MIP.
INFORMATION: 1078
Solver license opened at 2022-04-27T08:20:17.
--------------*----------------*------------
INFORMATION: 1013
LP/MIP-model size: 6052 variables. 4526 constraints. 22896 elements. 432 binaries
--------------*----------------*------------
INFORMATION: 1016
Start optimizing.
INFORMATION: 1048
MIP gap                        0.0049 %
Best objective value     -1281007.56
MIP objective value      -1280944.99
Difference from best objective value           62.57  
INFORMATION: 1018
CPLEX message. Code 102. Optimal whithin tolerances
INFORMATION: 1079
Solver license closed at 2022-04-27T08:20:19.
--------------*----------------*------------
INFORMATION: 1017
Start updating results.
INFORMATION: 1033
Objective (excluding penalties) = -1280945.24
INFORMATION: 1034
Objective (including penalties) = -1280945.24
INFORMATION: 1035
Sum buy and sale cost =           -942535.02
INFORMATION: 1052
Sum contract costs =              0.00
INFORMATION: 1036
Sum startup costs =               2400.00
INFORMATION: 1037
End reservoir value =             -340810.22
INFORMATION: 1077
Change in end reservoir value =   459923.63
INFORMATION: 1038
Sum penalties =                   0.00
INFORMATION: 1039
Sum minor penalties =             0.00
INFORMATION: 1040
Sum major penalties =             0.00
INFORMATION: 1064
Network load value = -0.000000
--------------*----------------*------------
INFORMATION: 1031
Maximum unbalance      13.40 MW.
INFORMATION: 1046
Time used in CPLEX    1.35 s.
--------------*----------------*------------
INFORMATION: 1002
Parameter settings: (1. iteration).
INFORMATION: 1005
Incremental description.
INFORMATION: 1007
Ramping on request (if ramping exceeded). 
INFORMATION: 1009
Head optimization on.
INFORMATION: 1011
1. iteration.
--------------*----------------*------------
INFORMATION: 1078
Solver license opened at 2022-04-27T08:20:19.
--------------*----------------*------------
INFORMATION: 1013
LP/MIP-model size: 3631 variables. 2372 constraints. 10979 elements. 0 binaries
--------------*----------------*------------
INFORMATION: 1016
Start optimizing.
INFORMATION: 1018
CPLEX message. Code 1. Optimal solution is available
INFORMATION: 1079
Solver license closed at 2022-04-27T08:20:19.
--------------*----------------*------------
INFORMATION: 1017
Start updating results.
INFORMATION: 1033
Objective (excluding penalties) = -1271253.00
INFORMATION: 1034
Objective (including penalties) = -1271253.00
INFORMATION: 1035
Sum buy and sale cost =           -909501.84
INFORMATION: 1052
Sum contract costs =              0.00
INFORMATION: 1036
Sum startup costs =               2400.00
INFORMATION: 1037
End reservoir value =             -364151.16
INFORMATION: 1077
Change in end reservoir value =   436582.69
INFORMATION: 1038
Sum penalties =                   0.00
INFORMATION: 1039
Sum minor penalties =             0.00
INFORMATION: 1040
Sum major penalties =             0.00
INFORMATION: 1064
Network load value = -0.000000
--------------*----------------*------------
INFORMATION: 1031
Maximum unbalance       0.41 MW.
INFORMATION: 1046
Time used in CPLEX    0.01 s.
--------------*----------------*------------
INFORMATION: 1002
Parameter settings: (2. iteration).
INFORMATION: 1005
Incremental description.
INFORMATION: 1007
Ramping on request (if ramping exceeded). 
INFORMATION: 1009
Head optimization on.
INFORMATION: 1011
2. iteration.
--------------*----------------*------------
INFORMATION: 1078
Solver license opened at 2022-04-27T08:20:19.
--------------*----------------*------------
INFORMATION: 1013
LP/MIP-model size: 3600 variables. 2372 constraints. 10882 elements. 0 binaries
--------------*----------------*------------
INFORMATION: 1016
Start optimizing.
INFORMATION: 1018
CPLEX message. Code 1. Optimal solution is available
INFORMATION: 1079
Solver license closed at 2022-04-27T08:20:19.
--------------*----------------*------------
INFORMATION: 1017
Start updating results.
INFORMATION: 1033
Objective (excluding penalties) = -1271352.28
INFORMATION: 1034
Objective (including penalties) = -1271352.28
INFORMATION: 1035
Sum buy and sale cost =           -909600.33
INFORMATION: 1052
Sum contract costs =              0.00
INFORMATION: 1036
Sum startup costs =               2400.00
INFORMATION: 1037
End reservoir value =             -364151.95
INFORMATION: 1077
Change in end reservoir value =   436581.90
INFORMATION: 1038
Sum penalties =                   0.00
INFORMATION: 1039
Sum minor penalties =             0.00
INFORMATION: 1040
Sum major penalties =             0.00
INFORMATION: 1064
Network load value = -0.000000
--------------*----------------*------------
INFORMATION: 1031
Maximum unbalance       0.41 MW.
INFORMATION: 1046
Time used in CPLEX    0.01 s.
--------------*----------------*------------
INFORMATION: 1002
Parameter settings: (3. iteration).
INFORMATION: 1005
Incremental description.
INFORMATION: 1007
Ramping on request (if ramping exceeded). 
INFORMATION: 1009
Head optimization on.
INFORMATION: 1011
3. iteration.
--------------*----------------*------------
INFORMATION: 1078
Solver license opened at 2022-04-27T08:20:19.
--------------*----------------*------------
INFORMATION: 1013
LP/MIP-model size: 3582 variables. 2372 constraints. 10828 elements. 0 binaries
--------------*----------------*------------
INFORMATION: 1016
Start optimizing.
INFORMATION: 1018
CPLEX message. Code 1. Optimal solution is available
INFORMATION: 1079
Solver license closed at 2022-04-27T08:20:19.
--------------*----------------*------------
INFORMATION: 1017
Start updating results.
INFORMATION: 1033
Objective (excluding penalties) = -1271358.32
INFORMATION: 1034
Objective (including penalties) = -1271358.32
INFORMATION: 1035
Sum buy and sale cost =           -909606.36
INFORMATION: 1052
Sum contract costs =              0.00
INFORMATION: 1036
Sum startup costs =               2400.00
INFORMATION: 1037
End reservoir value =             -364151.95
INFORMATION: 1077
Change in end reservoir value =   436581.90
INFORMATION: 1038
Sum penalties =                   0.00
INFORMATION: 1039
Sum minor penalties =             0.00
INFORMATION: 1040
Sum major penalties =             0.00
INFORMATION: 1064
Network load value = -0.000000
--------------*----------------*------------
INFORMATION: 1031
Maximum unbalance       0.41 MW.
INFORMATION: 1046
Time used in CPLEX    0.01 s.
--------------*----------------*------------
